<?xml version="1.0" encoding="UTF-8"?>
<testng-results skipped="0" failed="0" total="1" passed="1">
  <reporter-output>
  </reporter-output>
  <suite name="Suite" duration-ms="5679" started-at="2019-03-18T01:36:13Z" finished-at="2019-03-18T01:36:18Z">
    <groups>
    </groups>
    <test name="Test" duration-ms="5679" started-at="2019-03-18T01:36:13Z" finished-at="2019-03-18T01:36:18Z">
      <class name="open.openbaidu">
        <test-method status="PASS" signature="setUp()[pri:0, instance:open.openbaidu@449b2d27]" name="setUp" duration-ms="5662" started-at="2019-03-18T09:36:13Z" finished-at="2019-03-18T09:36:18Z">
          <reporter-output>
          </reporter-output>
        </test-method> <!-- setUp -->
      </class> <!-- open.openbaidu -->
    </test> <!-- Test -->
  </suite> <!-- Suite -->
</testng-results>
